<?xml version="1.0" encoding="UTF-8"?>
<!-- Generated by org.testng.reporters.JUnitReportReporter -->
<testsuite hostname="DESKTOP-1VSUNI2" failures="0" tests="1" name="TestNGHIndi.DemoHIndi" time="12.293" errors="0" timestamp="2022-09-12T21:38:06 GMT-04:00" skipped="0">
  <testcase classname="TestNGHIndi.DemoHIndi" name="verifyPageTitel" time="12.293"/>
  <system-out/>
</testsuite> <!-- TestNGHIndi.DemoHIndi -->
