<?xml version="1.0" encoding="UTF-8"?>
<!-- Generated by org.testng.reporters.JUnitReportReporter -->
<testsuite hostname="DESKTOP-1VSUNI2" failures="0" tests="2" name="TestNG.ParallelThree" time="19.593" errors="0" timestamp="2022-08-31T21:41:57 GMT-04:00" skipped="0">
  <testcase classname="TestNG.ParallelThree" name="test2" time="9.238"/>
  <system-out/>
  <testcase classname="TestNG.ParallelThree" name="test1" time="10.355"/>
  <system-out/>
</testsuite> <!-- TestNG.ParallelThree -->
