<?xml version="1.0" encoding="UTF-8"?>
<!-- Generated by org.testng.reporters.JUnitReportReporter -->
<testsuite hostname="DESKTOP-1VSUNI2" failures="0" tests="6" name="TestNGHIndi.EnabelANDDesebel" time="0.027" errors="0" timestamp="2022-09-12T22:11:53 GMT-04:00" skipped="3">
  <testcase classname="TestNGHIndi.EnabelANDDesebel" name="WebLoginAutoMobileLoan" time="0.006"/>
  <system-out/>
  <testcase classname="TestNGHIndi.EnabelANDDesebel" name="APILoginAutoMobileLoan" time="0.016"/>
  <system-out/>
  <testcase classname="TestNGHIndi.EnabelANDDesebel" name="MobileLoginAutoMobileLoan" time="0.005"/>
  <system-out/>
  <testcase classname="TestNGHIndi.EnabelANDDesebel" name="WebLoginPersonalLoan">
    <skipped/>
  </testcase> <!-- WebLoginPersonalLoan -->
  <system-out/>
  <testcase classname="TestNGHIndi.EnabelANDDesebel" name="MobileLoginPersonalLoan">
    <skipped/>
  </testcase> <!-- MobileLoginPersonalLoan -->
  <system-out/>
  <testcase classname="TestNGHIndi.EnabelANDDesebel" name="APILoginPersonalLoan">
    <skipped/>
  </testcase> <!-- APILoginPersonalLoan -->
  <system-out/>
</testsuite> <!-- TestNGHIndi.EnabelANDDesebel -->
