<?xml version="1.0" encoding="UTF-8"?>
<!-- Generated by org.testng.reporters.JUnitReportReporter -->
<testsuite hostname="DESKTOP-1VSUNI2" failures="0" tests="2" name="TestNGHIndi.CurrentClass2" time="0.022" errors="0" timestamp="2022-09-12T21:58:04 GMT-04:00" skipped="0">
  <testcase classname="TestNGHIndi.CurrentClass2" name="Test2" time="0.007"/>
  <system-out/>
  <testcase classname="TestNGHIndi.CurrentClass2" name="Test1" time="0.015"/>
  <system-out/>
</testsuite> <!-- TestNGHIndi.CurrentClass2 -->
