<?xml version="1.0" encoding="UTF-8"?>
<!-- Generated by org.testng.reporters.JUnitReportReporter -->
<testsuite hostname="DESKTOP-1VSUNI2" failures="0" tests="2" name="TestNG.Paralel" time="25.466" errors="0" timestamp="2022-08-24T11:23:04 GMT-04:00" skipped="0">
  <testcase classname="TestNG.Paralel" name="test1" time="15.790"/>
  <system-out/>
  <testcase classname="TestNG.Paralel" name="test2" time="9.676"/>
  <system-out/>
</testsuite> <!-- TestNG.Paralel -->
