<?xml version="1.0" encoding="UTF-8"?>
<!-- Generated by org.testng.reporters.JUnitReportReporter -->
<testsuite hostname="DESKTOP-1VSUNI2" failures="0" tests="1" name="Naveen.TestNG" time="5.844" errors="0" timestamp="2022-09-05T17:14:12 GMT-04:00" skipped="0">
  <testcase classname="Naveen.TestNG" name="verifyPageTitelTest" time="5.844"/>
  <system-out/>
</testsuite> <!-- Naveen.TestNG -->
