<?xml version="1.0" encoding="UTF-8"?>
<!-- Generated by org.testng.reporters.JUnitReportReporter -->
<testsuite hostname="DESKTOP-1VSUNI2" failures="0" tests="2" name="TestNGHIndi.Annotation" time="0.016" errors="0" timestamp="2022-09-12T22:40:27 GMT-04:00" skipped="0">
  <testcase classname="TestNGHIndi.Annotation" name="Test1" time="0.010"/>
  <system-out/>
  <testcase classname="TestNGHIndi.Annotation" name="Test2" time="0.006"/>
  <system-out/>
</testsuite> <!-- TestNGHIndi.Annotation -->
