<?xml version="1.0" encoding="UTF-8"?>
<!-- Generated by org.testng.reporters.JUnitReportReporter -->
<testsuite hostname="DESKTOP-1VSUNI2" failures="0" tests="2" name="TestNGHIndi.BeforeTest" time="0.003" errors="0" timestamp="2022-09-12T22:40:27 GMT-04:00" skipped="0">
  <testcase classname="TestNGHIndi.BeforeTest" name="Test4" time="0.002"/>
  <system-out/>
  <testcase classname="TestNGHIndi.BeforeTest" name="Test3" time="0.001"/>
  <system-out/>
</testsuite> <!-- TestNGHIndi.BeforeTest -->
